This is pdfTeX, Version 3.1415926-1.40.10 (TeX Live 2009/Debian) (format=latex 2011.4.7)  15 SEP 2011 10:24
entering extended mode
 %&-line parsing enabled.
**./images.tex
(./images.tex
LaTeX2e <2009/09/24>
Babel <v3.8l> and hyphenation patterns for english, usenglishmax, dumylang, noh
yphenation, farsi, arabic, croatian, bulgarian, ukrainian, russian, czech, slov
ak, danish, dutch, finnish, french, basque, ngerman, german, german-x-2009-06-1
9, ngerman-x-2009-06-19, ibycus, monogreek, greek, ancientgreek, hungarian, san
skrit, italian, latin, latvian, lithuanian, mongolian2a, mongolian, bokmal, nyn
orsk, romanian, irish, coptic, serbian, turkish, welsh, esperanto, uppersorbian
, estonian, indonesian, interlingua, icelandic, kurmanji, slovenian, polish, po
rtuguese, spanish, galician, catalan, swedish, ukenglish, pinyin, loaded.

(/usr/share/texmf-texlive/tex/latex/base/book.cls
Document Class: book 2007/10/19 v1.4h Standard LaTeX document class
(/usr/share/texmf-texlive/tex/latex/base/bk11.clo
File: bk11.clo 2007/10/19 v1.4h Standard LaTeX file (size option)
)
\c@part=\count79
\c@chapter=\count80
\c@section=\count81
\c@subsection=\count82
\c@subsubsection=\count83
\c@paragraph=\count84
\c@subparagraph=\count85
\c@figure=\count86
\c@table=\count87
\abovecaptionskip=\skip41
\belowcaptionskip=\skip42
\bibindent=\dimen102
) (/usr/share/texmf-texlive/tex/latex/base/ifthen.sty
Package: ifthen 2001/05/26 v1.1c Standard LaTeX ifthen package (DPC)
) (/usr/share/texmf-texlive/tex/latex/graphics/graphicx.sty
Package: graphicx 1999/02/16 v1.0f Enhanced LaTeX Graphics (DPC,SPQR)
(/usr/share/texmf-texlive/tex/latex/graphics/keyval.sty
Package: keyval 1999/03/16 v1.13 key=value parser (DPC)
\KV@toks@=\toks14
) (/usr/share/texmf-texlive/tex/latex/graphics/graphics.sty
Package: graphics 2009/02/05 v1.0o Standard LaTeX Graphics (DPC,SPQR)
(/usr/share/texmf-texlive/tex/latex/graphics/trig.sty
Package: trig 1999/03/16 v1.09 sin cos tan (DPC)
) (/etc/texmf/tex/latex/config/graphics.cfg
File: graphics.cfg 2009/08/28 v1.8 graphics configuration of TeX Live
)
Package graphics Info: Driver file: dvipdfm.def on input line 91.
(/usr/share/texmf-texlive/tex/latex/dvipdfm/dvipdfm.def
File: dvipdfm.def 1999/9/6 vx.x Driver-dependant file
))
\Gin@req@height=\dimen103
\Gin@req@width=\dimen104
) (/usr/share/texmf-texlive/tex/latex/amsfonts/amssymb.sty
Package: amssymb 2009/06/22 v3.00
(/usr/share/texmf-texlive/tex/latex/amsfonts/amsfonts.sty
Package: amsfonts 2009/06/22 v3.00 Basic AMSFonts support
\@emptytoks=\toks15
\symAMSa=\mathgroup4
\symAMSb=\mathgroup5
LaTeX Font Info:    Overwriting math alphabet `\mathfrak' in version `bold'
(Font)                  U/euf/m/n --> U/euf/b/n on input line 96.
)) (/usr/share/texmf-texlive/tex/latex/moreverb/moreverb.sty
Package: moreverb 2008/06/03 v2.3 `more' verbatim facilities
(/sandbox/sarich/tmptaodirzxj/tao-RB_1_10_1/docs/tex/manual/verbatim.sty
Style-Option: `verbatim' v1.4d <91/04/24> (RmS)
English Documentation          <91/04/24> (RmS)
\every@verbatim=\toks16
\verbatim@line=\toks17
)
\verbatim@out=\write3
\tab@position=\count88
\tab@size=\count89
\listing@line=\count90
) (/usr/share/texmf-texlive/tex/generic/epsf/epsf.sty
This is `epsf.tex' v2.7.3 <23 July 2005>
\epsffilein=\read1
\epsfframemargin=\dimen105
\epsfframethickness=\dimen106
\epsfrsize=\dimen107
\epsftmp=\dimen108
\epsftsize=\dimen109
\epsfxsize=\dimen110
\epsfysize=\dimen111
\pspoints=\dimen112
) (/sandbox/sarich/tmptaodirzxj/tao-RB_1_10_1/docs/tex/manual/float.sty
Package: float 1995/03/29 v1.2c Float enhancements (AL)
\c@float@type=\count91
\float@box=\box26
\@floatcapt=\box27
) (/usr/share/texmf-texlive/tex/latex/hyperref/hyperref.sty
Package: hyperref 2009/10/09 v6.79a Hypertext links for LaTeX
(/sandbox/sarich/tmptaodirzxj/tao-RB_1_10_1/docs/tex/manual/ifpdf.sty
Package: ifpdf 2001/06/14 v1.0 Providing \ifpdf (HO)
Package ifpdf Info: pdfTeX in pdf mode not detected on input line 140.
)

LaTeX Warning: You have requested, on input line 98, version
               `2006/02/20' of package ifpdf,
               but only version
               `2001/06/14 v1.0 Providing \ifpdf (HO)'
               is available.

(/usr/share/texmf-texlive/tex/generic/oberdiek/ifvtex.sty
Package: ifvtex 2008/11/04 v1.4 Switches for detecting VTeX and its modes (HO)
Package ifvtex Info: VTeX not detected.
) (/usr/share/texmf-texlive/tex/generic/ifxetex/ifxetex.sty
Package: ifxetex 2009/01/23 v0.5 Provides ifxetex conditional
) (/usr/share/texmf-texlive/tex/latex/oberdiek/hycolor.sty
Package: hycolor 2009/10/02 v1.5 Code for color options of hyperref/bookmark (H
O)
(/usr/share/texmf-texlive/tex/latex/oberdiek/xcolor-patch.sty
Package: xcolor-patch 2009/10/02 xcolor patch
))
\@linkdim=\dimen113
\Hy@linkcounter=\count92
\Hy@pagecounter=\count93
(/usr/share/texmf-texlive/tex/latex/hyperref/pd1enc.def
File: pd1enc.def 2009/10/09 v6.79a Hyperref: PDFDocEncoding definition (HO)
) (/usr/share/texmf-texlive/tex/generic/oberdiek/etexcmds.sty
Package: etexcmds 2007/12/12 v1.2 Prefix for e-TeX command names (HO)
(/usr/share/texmf-texlive/tex/generic/oberdiek/infwarerr.sty
Package: infwarerr 2007/09/09 v1.2 Providing info/warning/message (HO)
)
Package etexcmds Info: Could not find \expanded.
(etexcmds)             That can mean that you are not using pdfTeX 1.50 or
(etexcmds)             that some package has redefined \expanded.
(etexcmds)             In the latter case, load this package earlier.
) (/usr/share/texmf-texlive/tex/latex/latexconfig/hyperref.cfg
File: hyperref.cfg 2002/06/06 v1.2 hyperref configuration of TeXLive
) (/usr/share/texmf-texlive/tex/latex/oberdiek/kvoptions.sty
Package: kvoptions 2009/08/13 v3.4 Keyval support for LaTeX options (HO)
(/usr/share/texmf-texlive/tex/generic/oberdiek/kvsetkeys.sty
Package: kvsetkeys 2009/07/30 v1.5 Key value parser with default handler suppor
t (HO)
))
Package hyperref Info: Hyper figures OFF on input line 2975.
Package hyperref Info: Link nesting OFF on input line 2980.
Package hyperref Info: Hyper index ON on input line 2983.
Package hyperref Info: Plain pages OFF on input line 2990.
Package hyperref Info: Backreferencing OFF on input line 2995.
Implicit mode ON; LaTeX internals redefined
Package hyperref Info: Bookmarks ON on input line 3191.
(/sandbox/sarich/tmptaodirzxj/tao-RB_1_10_1/docs/tex/manual/url.sty
Package: url 1999/03/02  ver 1.4  Verb mode for urls, email addresses, and file
 names
)
LaTeX Info: Redefining \url on input line 3428.
(/usr/share/texmf-texlive/tex/generic/oberdiek/bitset.sty
Package: bitset 2007/09/28 v1.0 Data type bit set (HO)
(/usr/share/texmf-texlive/tex/generic/oberdiek/intcalc.sty
Package: intcalc 2007/09/27 v1.1 Expandable integer calculations (HO)
) (/usr/share/texmf-texlive/tex/generic/oberdiek/bigintcalc.sty
Package: bigintcalc 2007/11/11 v1.1 Expandable big integer calculations (HO)
(/usr/share/texmf-texlive/tex/generic/oberdiek/pdftexcmds.sty
Package: pdftexcmds 2009/09/23 v0.6 LuaTeX support for pdfTeX utility functions
 (HO)
(/usr/share/texmf-texlive/tex/generic/oberdiek/ifluatex.sty
Package: ifluatex 2009/04/17 v1.2 Provides the ifluatex switch (HO)
Package ifluatex Info: LuaTeX not detected.
) (/usr/share/texmf-texlive/tex/generic/oberdiek/ltxcmds.sty
Package: ltxcmds 2009/08/05 v1.0 Some LaTeX kernel commands for general use (HO
)
)
Package pdftexcmds Info: LuaTeX not detected.
Package pdftexcmds Info: \pdf@primitive is available.
Package pdftexcmds Info: \pdf@ifprimitive is available.
)))
\Fld@menulength=\count94
\Field@Width=\dimen114
\Fld@charsize=\dimen115
\Field@toks=\toks18
Package hyperref Info: Hyper figures OFF on input line 4377.
Package hyperref Info: Link nesting OFF on input line 4382.
Package hyperref Info: Hyper index ON on input line 4385.
Package hyperref Info: backreferencing OFF on input line 4392.
Package hyperref Info: Link coloring OFF on input line 4397.
Package hyperref Info: Link coloring with OCG OFF on input line 4402.
Package hyperref Info: PDF/A mode OFF on input line 4407.
(/usr/share/texmf-texlive/tex/generic/oberdiek/atbegshi.sty
Package: atbegshi 2008/07/31 v1.9 At begin shipout hook (HO)
)
\Hy@abspage=\count95
\c@Item=\count96
\c@Hfootnote=\count97
)
*hyperref using driver hdvipdfm*
(/usr/share/texmf-texlive/tex/latex/hyperref/hdvipdfm.def
File: hdvipdfm.def 2009/10/09 v6.79a Hyperref driver for dvipdfm
\pdfm@box=\box28
\c@Hy@AnnotLevel=\count98
\HyField@AnnotCount=\count99
\Fld@listcount=\count100
) (/usr/share/texmf-texlive/tex/latex/tools/afterpage.sty
Package: afterpage 1995/10/27 v1.08 After-Page Package (DPC)
\AP@output=\toks19
\AP@partial=\box29
\AP@footins=\box30
)
\@indexfile=\write4
\openout4 = `images.idx'.

Writing index file images.idx
(/usr/share/texmf-texlive/tex/latex/graphics/color.sty
Package: color 2005/11/14 v1.0j Standard LaTeX Color (DPC)
(/etc/texmf/tex/latex/config/color.cfg
File: color.cfg 2007/01/18 v1.5 color configuration of teTeX/TeXLive
)
Package color Info: Driver file: dvipdfm.def on input line 130.
(/usr/share/texmf-texlive/tex/latex/graphics/dvipsnam.def
File: dvipsnam.def 1999/02/16 v3.0i Driver-dependant file (DPC,SPQR)
)) (/usr/share/texmf-texlive/tex/latex/base/inputenc.sty
Package: inputenc 2008/03/30 v1.1d Input encoding file
\inpenc@prehook=\toks20
\inpenc@posthook=\toks21
(/usr/share/texmf-texlive/tex/latex/base/latin1.def
File: latin1.def 2008/03/30 v1.1d Input encoding file
))
\sizebox=\box31
\lthtmlwrite=\write5
(./images.aux)
\openout1 = `images.aux'.

LaTeX Font Info:    Checking defaults for OML/cmm/m/it on input line 150.
LaTeX Font Info:    ... okay on input line 150.
LaTeX Font Info:    Checking defaults for T1/cmr/m/n on input line 150.
LaTeX Font Info:    ... okay on input line 150.
LaTeX Font Info:    Checking defaults for OT1/cmr/m/n on input line 150.
LaTeX Font Info:    ... okay on input line 150.
LaTeX Font Info:    Checking defaults for OMS/cmsy/m/n on input line 150.
LaTeX Font Info:    ... okay on input line 150.
LaTeX Font Info:    Checking defaults for OMX/cmex/m/n on input line 150.
LaTeX Font Info:    ... okay on input line 150.
LaTeX Font Info:    Checking defaults for U/cmr/m/n on input line 150.
LaTeX Font Info:    ... okay on input line 150.
LaTeX Font Info:    Checking defaults for PD1/pdf/m/n on input line 150.
LaTeX Font Info:    ... okay on input line 150.
Package hyperref Info: Link coloring OFF on input line 150.
(/usr/share/texmf-texlive/tex/latex/hyperref/nameref.sty
Package: nameref 2007/05/29 v2.31 Cross-referencing by name of section
(/usr/share/texmf-texlive/tex/latex/oberdiek/refcount.sty
Package: refcount 2008/08/11 v3.1 Data extraction from references (HO)
)
\c@section@level=\count101
)
LaTeX Info: Redefining \ref on input line 150.
LaTeX Info: Redefining \pageref on input line 150.
\@outlinefile=\write6
\openout6 = `images.out'.

\AtBeginShipoutBox=\box32

latex2htmlLength hsize=349.0pt

latex2htmlLength vsize=637.49675pt

latex2htmlLength hoffset=0.0pt

latex2htmlLength voffset=0.0pt

latex2htmlLength topmargin=0.0pt

latex2htmlLength topskip=0.00003pt

latex2htmlLength headheight=0.0pt

latex2htmlLength headsep=0.0pt

latex2htmlLength parskip=0.0pt plus 1.0pt

latex2htmlLength oddsidemargin=18.0pt

latex2htmlLength evensidemargin=18.0pt

LaTeX Font Info:    Try loading font information for U+msa on input line 174.
(/usr/share/texmf-texlive/tex/latex/amsfonts/umsa.fd
File: umsa.fd 2009/06/22 v3.00 AMS symbols A
)
LaTeX Font Info:    Try loading font information for U+msb on input line 174.
(/usr/share/texmf-texlive/tex/latex/amsfonts/umsb.fd
File: umsb.fd 2009/06/22 v3.00 AMS symbols B
)
l2hSize :tex2html_wrap_inline4625:7.07185pt::0.0pt::4.99217pt.
[1



]
l2hSize :tex2html_wrap_inline4654:9.12923pt::0.0pt::43.62254pt.
[2


]
(taofig.eps
)
l2hSize :figure214:252.94499pt::0.0pt::349.0pt.
[3


]
l2hSize :tex2html_wrap_inline265:7.07185pt::0.0pt::4.99217pt.
[4


]
l2hSize :tex2html_wrap_inline265:7.07185pt::0.0pt::4.99217pt.
[5


]
(pjb.eps
)
l2hSize :figure222:216.81pt::0.0pt::349.0pt.
[6


]
l2hSize :tex2html_wrap_inline267:7.07185pt::0.0pt::22.44756pt.
[7


]
l2hSize :tex2html_wrap_inline269:9.62923pt::9.62923pt::89.85585pt.
[8


]
l2hSize :tex2html_wrap_inline271:8.7125pt::8.7125pt::43.37029pt.
[9


]
l2hSize :tex2html_wrap_inline273:7.07185pt::0.0pt::34.2453pt.
[10


]
l2hSize :tex2html_wrap_inline275:7.57185pt::7.57185pt::26.13167pt.
[11


]
l2hSize :tex2html_wrap_inline277:7.57185pt::7.57185pt::26.13167pt.
[12


]
l2hSize :tex2html_wrap_inline279:8.7125pt::8.7125pt::20.62256pt.
[13


]
l2hSize :tex2html_wrap_inline281:8.7125pt::8.7125pt::26.09756pt.
[14


]
l2hSize :tex2html_wrap_inline283:7.07185pt::0.0pt::34.2453pt.
[15


]
l2hSize :tex2html_wrap_inline285:7.07185pt::0.0pt::5.6537pt.
[16


]
l2hSize :tex2html_wrap_inline287:7.57185pt::7.57185pt::6.05675pt.
[17


]
l2hSize :tex2html_wrap_inline289:7.57185pt::7.57185pt::20.86693pt.
[18


]
l2hSize :tex2html_wrap_inline291:7.57185pt::7.57185pt::18.24854pt.
[19


]
l2hSize :tex2html_wrap_inline293:7.48248pt::0.0pt::7.3061pt.
[20


]
l2hSize :tex2html_wrap_inline295:9.12923pt::0.0pt::43.62254pt.
[21


]
l2hSize :tex2html_wrap_inline295:9.12923pt::0.0pt::43.62254pt.
[22


]
l2hSize :tex2html_wrap_inline708:7.57185pt::7.57185pt::23.05536pt.
[23


]
l2hSize :displaymath706:26.86888pt::0.0pt::349.0pt.
[24


]
l2hSize :tex2html_wrap_inline710:7.69589pt::0.0pt::15.22862pt.
[25


]
l2hSize :tex2html_wrap_inline712:7.48248pt::0.0pt::10.47856pt.
[26


]
l2hSize :tex2html_wrap_inline714:8.7125pt::8.7125pt::68.65553pt.
[27


]
l2hSize :tex2html_wrap_inline716:7.57185pt::7.57185pt::58.40575pt.
[28


]
l2hSize :tex2html_wrap_inline1401:8.7125pt::8.7125pt::21.86206pt.
[29


]
l2hSize :tex2html_wrap_inline1403:8.10416pt::8.10416pt::7.08714pt.
[30


]
l2hSize :tex2html_wrap_inline1405:7.98248pt::7.98248pt::29.39766pt.
[31


]
l2hSize :tex2html_wrap_inline1407:7.57185pt::7.57185pt::76.98212pt.
[32


]
l2hSize :tex2html_wrap_inline1409:8.10416pt::8.10416pt::101.66519pt.
[33


]
l2hSize :tex2html_wrap_inline1411:7.57185pt::7.57185pt::25.76572pt.
[34


]
l2hSize :displaymath1371:35.48047pt::0.0pt::349.0pt.
[35


]
l2hSize :tex2html_wrap_inline1413:7.57185pt::7.57185pt::7.14545pt.
[36


]
l2hSize :tex2html_wrap_inline1415:9.96692pt::9.96692pt::87.83116pt.
[37


]
l2hSize :tex2html_wrap_inline1417:8.7125pt::8.7125pt::36.97667pt.
[38


]
l2hSize :tex2html_wrap_inline1419:8.10416pt::8.10416pt::48.36275pt.
[39


]
l2hSize :tex2html_wrap_inline1421:7.57185pt::7.57185pt::11.55582pt.
[40


]
l2hSize :tex2html_wrap_inline1423:7.07185pt::0.0pt::6.02254pt.
[41


]
l2hSize :tex2html_wrap_inline1425:7.57185pt::7.57185pt::11.89551pt.
[42


]
l2hSize :tex2html_wrap_inline1427:7.57185pt::7.57185pt::31.97043pt.
[43


]
l2hSize :displaymath1372:16.3375pt::0.0pt::349.0pt.
[44


]
l2hSize :tex2html_wrap_inline1429:7.98248pt::7.98248pt::14.78867pt.
[45


]
l2hSize :tex2html_wrap_inline1431:7.98248pt::7.98248pt::14.78867pt.
[46


]
l2hSize :tex2html_wrap_inline1433:8.10416pt::8.10416pt::11.3858pt.
[47


]
l2hSize :tex2html_wrap_inline1435:7.57185pt::7.57185pt::10.47331pt.
[48


]
l2hSize :displaymath1373:21.265pt::0.0pt::349.0pt.
[49


]
l2hSize :tex2html_wrap_inline1437:7.07185pt::0.0pt::6.02254pt.
[50


]
l2hSize :tex2html_wrap_inline1439:7.98248pt::7.98248pt::21.39987pt.
[51


]
l2hSize :tex2html_wrap_inline1441:7.98248pt::7.98248pt::21.39987pt.
[52


]
l2hSize :tex2html_wrap_inline1443:7.98248pt::7.98248pt::21.39987pt.
[53


]
l2hSize :tex2html_wrap_inline1445:7.98248pt::7.98248pt::21.39987pt.
[54


]
l2hSize :tex2html_wrap_inline1447:7.98248pt::7.98248pt::21.39987pt.
[55


]
l2hSize :tex2html_wrap_inline1449:7.98248pt::7.98248pt::21.39987pt.
[56


]
l2hSize :tex2html_wrap_inline1451:7.98248pt::7.98248pt::21.39987pt.
[57


]
l2hSize :tex2html_wrap_inline1453:7.07185pt::0.0pt::7.19737pt.
[58


]
l2hSize :displaymath1374:21.265pt::0.0pt::349.0pt.
[59


]
l2hSize :tex2html_wrap_inline1455:8.7125pt::8.7125pt::42.87602pt.
[60


]
l2hSize :tex2html_wrap_inline1457:7.48248pt::0.0pt::7.89314pt.
[61


]
l2hSize :tex2html_wrap_inline1459:7.48248pt::0.0pt::9.33795pt.
[62


]
l2hSize :tex2html_wrap_inline1461:7.07185pt::0.0pt::7.19737pt.
[63


]
l2hSize :tex2html_wrap_inline1463:7.07185pt::0.0pt::7.19737pt.
[64


]
l2hSize :tex2html_wrap_inline1465:7.48248pt::0.0pt::37.93332pt.
[65


]
l2hSize :tex2html_wrap_inline1467:7.07185pt::0.0pt::7.59279pt.
[66


]
l2hSize :tex2html_wrap_inline1469:7.07185pt::0.0pt::6.02254pt.
[67


]
l2hSize :tex2html_wrap_inline1471:8.10416pt::8.10416pt::7.07191pt.
[68


]
l2hSize :tex2html_wrap_inline1473:8.10416pt::8.10416pt::27.14684pt.
[69


]
l2hSize :tex2html_wrap_inline1475:8.10416pt::8.10416pt::27.14684pt.
[70


]
l2hSize :tex2html_wrap_inline1477:8.10416pt::8.10416pt::7.07191pt.
[71


]
l2hSize :tex2html_wrap_inline1479:8.10416pt::8.10416pt::7.07191pt.
[72


]
l2hSize :tex2html_wrap_inline1481:7.07185pt::0.0pt::25.48923pt.
[73


]
l2hSize :tex2html_wrap_inline1483:7.07185pt::0.0pt::7.19737pt.
[74


]
l2hSize :displaymath1375:21.265pt::0.0pt::349.0pt.
[75


]
l2hSize :tex2html_wrap_inline1485:8.7125pt::8.7125pt::42.87602pt.
[76


]
l2hSize :tex2html_wrap_inline1487:8.7125pt::8.7125pt::42.60228pt.
[77


]
l2hSize :tex2html_wrap_inline1489:7.98248pt::7.98248pt::21.39987pt.
[78


]
l2hSize :tex2html_wrap_inline1491:7.48248pt::0.0pt::7.89314pt.
[79


]
l2hSize :tex2html_wrap_inline1493:7.48248pt::0.0pt::9.33795pt.
[80


]
l2hSize :tex2html_wrap_inline1495:7.07185pt::0.0pt::7.19737pt.
[81


]
l2hSize :tex2html_wrap_inline1497:7.98248pt::7.98248pt::58.78566pt.
[82


]
l2hSize :tex2html_wrap_inline1499:7.98248pt::7.98248pt::28.04971pt.
[83


]
l2hSize :tex2html_wrap_inline1501:7.07185pt::0.0pt::7.59279pt.
[84


]
l2hSize :tex2html_wrap_inline1503:7.07185pt::0.0pt::6.02254pt.
[85


]
l2hSize :tex2html_wrap_inline1505:8.10416pt::8.10416pt::7.31905pt.
[86


]
l2hSize :tex2html_wrap_inline1507:7.07185pt::0.0pt::14.53922pt.
[87


]
l2hSize :tex2html_wrap_inline1509:7.98248pt::7.98248pt::32.26114pt.
[88


]
l2hSize :tex2html_wrap_inline1511:7.07185pt::0.0pt::7.19737pt.
[89


]
l2hSize :tex2html_wrap_inline1513:7.57185pt::7.57185pt::33.1932pt.
[90


]
l2hSize :tex2html_wrap_inline1515:7.07185pt::0.0pt::7.19737pt.
[91


]
l2hSize :tex2html_wrap_inline1517:8.7125pt::8.7125pt::109.40446pt.
[92


]
l2hSize :tex2html_wrap_inline1519:7.07185pt::0.0pt::7.19737pt.
[93


]
l2hSize :tex2html_wrap_inline1521:7.57185pt::7.57185pt::22.80472pt.
[94


]
l2hSize :tex2html_wrap_inline1523:8.7125pt::8.7125pt::42.42868pt.
[95


]
l2hSize :tex2html_wrap_inline1525:8.7125pt::8.7125pt::202.22832pt.
[96


]
l2hSize :tex2html_wrap_inline1527:7.07185pt::0.0pt::7.19737pt.
[97


]
l2hSize :tex2html_wrap_inline1529:7.57185pt::7.57185pt::22.80472pt.
[98


]
l2hSize :tex2html_wrap_inline1531:8.7125pt::8.7125pt::42.42868pt.
[99


]
l2hSize :tex2html_wrap_inline1533:8.71248pt::8.71248pt::172.65306pt.
[100


]
l2hSize :tex2html_wrap_inline1535:7.07185pt::0.0pt::7.19737pt.
[101


]
l2hSize :tex2html_wrap_inline1537:7.57185pt::7.57185pt::22.80472pt.
[102


]
l2hSize :tex2html_wrap_inline1539:7.07185pt::0.0pt::6.65369pt.
[103


]
l2hSize :tex2html_wrap_inline1541:7.57185pt::7.57185pt::7.14545pt.
[104


]
l2hSize :tex2html_wrap_inline1543:7.07185pt::0.0pt::6.02254pt.
[105


]
l2hSize :tex2html_wrap_inline1545:7.07185pt::0.0pt::6.65369pt.
[106


]
l2hSize :tex2html_wrap_inline1547:7.07185pt::0.0pt::7.59279pt.
[107


]
l2hSize :tex2html_wrap_inline1549:7.07185pt::0.0pt::7.59279pt.
[108


]
l2hSize :tex2html_wrap_inline1551:7.07185pt::0.0pt::7.59279pt.
[109


]
l2hSize :tex2html_wrap_inline1553:8.10416pt::8.10416pt::7.31905pt.
[110


]
l2hSize :tex2html_wrap_inline1555:7.57185pt::7.57185pt::7.14545pt.
[111


]
l2hSize :tex2html_wrap_inline1557:7.07185pt::0.0pt::6.65369pt.
[112


]
l2hSize :tex2html_wrap_inline1559:7.57185pt::7.57185pt::6.37741pt.
[113


]
l2hSize :tex2html_wrap_inline1561:7.57185pt::7.57185pt::6.37741pt.
[114


]
l2hSize :displaymath1376:15.72917pt::0.0pt::349.0pt.
[115


]
l2hSize :tex2html_wrap_inline1563:8.10416pt::8.10416pt::11.3858pt.
[116


]
l2hSize :tex2html_wrap_inline1565:7.98248pt::7.98248pt::14.78867pt.
[117


]
l2hSize :tex2html_wrap_inline1567:7.57185pt::7.57185pt::11.9447pt.
[118


]
l2hSize :tex2html_wrap_inline1569:7.57185pt::7.57185pt::10.90927pt.
[119


]
l2hSize :tex2html_wrap_inline1571:7.57185pt::7.57185pt::11.9447pt.
[120


]
l2hSize :displaymath1377:16.3375pt::0.0pt::349.0pt.
[121


]
l2hSize :tex2html_wrap_inline1573:7.57185pt::7.57185pt::11.3478pt.
[122


]
l2hSize :tex2html_wrap_inline1575:7.57185pt::7.57185pt::10.47331pt.
[123


]
l2hSize :displaymath1378:21.265pt::0.0pt::349.0pt.
[124


]
l2hSize :tex2html_wrap_inline1577:7.57185pt::7.57185pt::11.3478pt.
[125


]
l2hSize :tex2html_wrap_inline1579:7.57185pt::7.57185pt::11.3478pt.
[126


]
l2hSize :displaymath1379:16.33751pt::0.0pt::349.0pt.
[127


]
l2hSize :tex2html_wrap_inline1581:9.12923pt::0.0pt::22.85881pt.
[128


]
l2hSize :tex2html_wrap_inline1583:8.10416pt::8.10416pt::11.6851pt.
[129


]
l2hSize :tex2html_wrap_inline1585:8.71248pt::8.71248pt::116.1456pt.
[130


]
l2hSize :tex2html_wrap_inline1587:7.57185pt::7.57185pt::11.3478pt.
[131


]
l2hSize :displaymath1380:16.33751pt::0.0pt::349.0pt.
[132


]
l2hSize :tex2html_wrap_inline1589:7.57185pt::7.57185pt::11.3478pt.
[133


]
l2hSize :displaymath1381:16.33751pt::0.0pt::349.0pt.
[134


]
l2hSize :tex2html_wrap_inline1591:7.81305pt::7.81305pt::61.14235pt.
[135


]
l2hSize :tex2html_wrap_inline1593:7.57185pt::7.57185pt::42.28398pt.
[136


]
l2hSize :tex2html_wrap_inline1595:9.12923pt::0.0pt::27.10887pt.
[137


]
l2hSize :tex2html_wrap_inline1597:8.7125pt::8.7125pt::21.3804pt.
[138


]
l2hSize :tex2html_wrap_inline1599:7.57185pt::7.57185pt::10.47331pt.
[139


]
l2hSize :displaymath1382:68.99995pt::0.0pt::349.0pt.
[140


]
l2hSize :tex2html_wrap_inline1601:7.57185pt::7.57185pt::156.9267pt.
[141


]
l2hSize :tex2html_wrap_inline1603:7.57185pt::7.57185pt::105.05885pt.
[142


]
l2hSize :tex2html_wrap_inline1605:11.89447pt::11.89447pt::93.0847pt.
[143


]
l2hSize :tex2html_wrap_inline1607:7.57185pt::7.57185pt::10.5747pt.
[144


]
l2hSize :displaymath1383:68.99995pt::0.0pt::349.0pt.
[145


]
l2hSize :tex2html_wrap_inline1609:7.57185pt::7.57185pt::157.87099pt.
[146


]
l2hSize :tex2html_wrap_inline1611:7.57185pt::7.57185pt::105.17049pt.
[147


]
l2hSize :tex2html_wrap_inline1613:7.07185pt::0.0pt::6.02254pt.
[148


]
l2hSize :tex2html_wrap_inline1615:9.12923pt::0.0pt::22.85881pt.
[149


]
l2hSize :tex2html_wrap_inline1617:7.07185pt::0.0pt::16.97255pt.
[150


]
l2hSize :tex2html_wrap_inline1619:7.07185pt::0.0pt::14.53922pt.
[151


]
l2hSize :tex2html_wrap_inline1621:7.07185pt::0.0pt::16.97255pt.
[152


]
l2hSize :tex2html_wrap_inline1623:7.07185pt::0.0pt::11.49754pt.
[153


]
l2hSize :tex2html_wrap_inline1625:7.07185pt::0.0pt::14.53922pt.
[154


]
l2hSize :tex2html_wrap_inline1627:9.12923pt::0.0pt::27.10887pt.
[155


]
l2hSize :tex2html_wrap_inline1629:7.07185pt::0.0pt::14.53922pt.
[156


]
l2hSize :tex2html_wrap_inline1631:7.07185pt::0.0pt::14.53922pt.
[157


]
l2hSize :tex2html_wrap_inline1633:7.57185pt::7.57185pt::11.89551pt.
[158


]
l2hSize :tex2html_wrap_inline1635:7.57185pt::7.57185pt::11.89551pt.
[159


]
l2hSize :tex2html_wrap_inline1637:7.57185pt::7.57185pt::10.96674pt.
[160


]
l2hSize :tex2html_wrap_inline1639:7.57185pt::7.57185pt::10.96674pt.
[161


]
l2hSize :tex2html_wrap_inline1641:7.57185pt::7.57185pt::10.96674pt.
[162


]
l2hSize :tex2html_wrap_inline1643:7.57185pt::7.57185pt::10.96674pt.
[163


]
l2hSize :tex2html_wrap_inline1645:7.60416pt::0.0pt::5.99211pt.
[164


]
l2hSize :tex2html_wrap_inline1647:7.57185pt::7.57185pt::10.7067pt.
[165


]
l2hSize :tex2html_wrap_inline1649:7.57185pt::7.57185pt::10.7067pt.
[166


]
l2hSize :tex2html_wrap_inline1651:7.57185pt::7.57185pt::10.7067pt.
[167


]
l2hSize :tex2html_wrap_inline1653:7.57185pt::7.57185pt::10.7067pt.
[168


]
l2hSize :tex2html_wrap_inline1655:7.57185pt::7.57185pt::12.11346pt.
[169


]
l2hSize :tex2html_wrap_inline1657:7.57185pt::7.57185pt::12.11346pt.
[170


]
l2hSize :tex2html_wrap_inline1659:7.57185pt::7.57185pt::12.11346pt.
[171


]
l2hSize :tex2html_wrap_inline1661:7.57185pt::7.57185pt::12.11346pt.
[172


]
l2hSize :tex2html_wrap_inline1663:7.57185pt::7.57185pt::12.11346pt.
[173


]
l2hSize :tex2html_wrap_inline1665:9.12923pt::0.0pt::22.85881pt.
[174


]
l2hSize :tex2html_wrap_inline1667:7.57185pt::7.57185pt::10.7346pt.
[175


]
l2hSize :tex2html_wrap_inline1669:7.57185pt::7.57185pt::10.7346pt.
[176


]
l2hSize :tex2html_wrap_inline1671:7.57185pt::7.57185pt::10.7346pt.
[177


]
l2hSize :tex2html_wrap_inline1673:7.57185pt::7.57185pt::10.7346pt.
[178


]
l2hSize :tex2html_wrap_inline1675:7.57185pt::7.57185pt::12.30232pt.
[179


]
l2hSize :tex2html_wrap_inline1677:7.57185pt::7.57185pt::12.30232pt.
[180


]
l2hSize :tex2html_wrap_inline1679:7.57185pt::7.57185pt::12.30232pt.
[181


]
l2hSize :tex2html_wrap_inline1681:7.57185pt::7.57185pt::12.30232pt.
[182


]
l2hSize :tex2html_wrap_inline1683:7.57185pt::7.57185pt::12.30232pt.
[183


]
l2hSize :tex2html_wrap_inline1685:7.57185pt::7.57185pt::11.89551pt.
[184


]
l2hSize :tex2html_wrap_inline1687:7.57185pt::7.57185pt::11.89551pt.
[185


]
l2hSize :tex2html_wrap_inline1689:7.57185pt::7.57185pt::10.96674pt.
[186


]
l2hSize :tex2html_wrap_inline1691:7.57185pt::7.57185pt::10.96674pt.
[187


]
l2hSize :tex2html_wrap_inline1693:7.57185pt::7.57185pt::10.96674pt.
[188


]
l2hSize :tex2html_wrap_inline1695:7.57185pt::7.57185pt::10.96674pt.
[189


]
l2hSize :tex2html_wrap_inline1697:7.60416pt::0.0pt::5.99211pt.
[190


]
l2hSize :displaymath1384:28.19998pt::0.0pt::349.0pt.
[191


]
l2hSize :tex2html_wrap_inline1699:8.10416pt::8.10416pt::11.3858pt.
[192


]
l2hSize :tex2html_wrap_inline1701:7.98248pt::7.98248pt::14.78867pt.
[193


]
l2hSize :tex2html_wrap_inline1703:7.57185pt::7.57185pt::11.9447pt.
[194


]
l2hSize :tex2html_wrap_inline1705:7.57185pt::7.57185pt::10.90927pt.
[195


]
l2hSize :tex2html_wrap_inline1707:7.57185pt::7.57185pt::11.9447pt.
[196


]
l2hSize :tex2html_wrap_inline1709:7.98248pt::7.98248pt::14.8115pt.
[197


]
l2hSize :tex2html_wrap_inline1711:8.10416pt::8.10416pt::36.16624pt.
[198


]
l2hSize :tex2html_wrap_inline1713:8.10416pt::8.10416pt::36.16624pt.
[199


]
l2hSize :tex2html_wrap_inline1715:8.10416pt::8.10416pt::53.96634pt.
[200


]
l2hSize :tex2html_wrap_inline1717:8.7125pt::8.7125pt::21.3804pt.
[201


]
l2hSize :tex2html_wrap_inline1719:11.89447pt::11.89447pt::93.0847pt.
[202


]
l2hSize :tex2html_wrap_inline1721:7.57185pt::7.57185pt::10.5747pt.
[203


]
l2hSize :displaymath1385:68.99995pt::0.0pt::349.0pt.
[204


]
l2hSize :tex2html_wrap_inline1723:7.57185pt::7.57185pt::157.87099pt.
[205


]
l2hSize :tex2html_wrap_inline1725:7.57185pt::7.57185pt::105.17049pt.
[206


]
l2hSize :tex2html_wrap_inline1727:7.57185pt::7.57185pt::11.89551pt.
[207


]
l2hSize :tex2html_wrap_inline1729:7.57185pt::7.57185pt::11.89551pt.
[208


]
l2hSize :tex2html_wrap_inline1731:7.57185pt::7.57185pt::10.96674pt.
[209


]
l2hSize :tex2html_wrap_inline1733:7.57185pt::7.57185pt::10.96674pt.
[210


]
l2hSize :tex2html_wrap_inline1735:7.57185pt::7.57185pt::10.96674pt.
[211


]
l2hSize :tex2html_wrap_inline1737:7.57185pt::7.57185pt::10.96674pt.
[212


]
l2hSize :tex2html_wrap_inline1739:7.60416pt::0.0pt::5.99211pt.
[213


]
l2hSize :tex2html_wrap_inline1741:9.12923pt::0.0pt::22.85881pt.
[214


]
l2hSize :tex2html_wrap_inline1743:7.57185pt::7.57185pt::10.7346pt.
[215


]
l2hSize :tex2html_wrap_inline1745:7.57185pt::7.57185pt::10.7346pt.
[216


]
l2hSize :tex2html_wrap_inline1747:7.57185pt::7.57185pt::10.7346pt.
[217


]
l2hSize :tex2html_wrap_inline1749:7.57185pt::7.57185pt::10.7346pt.
[218


]
l2hSize :tex2html_wrap_inline1751:7.57185pt::7.57185pt::12.30232pt.
[219


]
l2hSize :tex2html_wrap_inline1753:7.57185pt::7.57185pt::12.30232pt.
[220


]
l2hSize :tex2html_wrap_inline1755:7.57185pt::7.57185pt::12.30232pt.
[221


]
l2hSize :tex2html_wrap_inline1757:7.57185pt::7.57185pt::12.30232pt.
[222


]
l2hSize :tex2html_wrap_inline1759:7.57185pt::7.57185pt::12.30232pt.
[223


]
l2hSize :tex2html_wrap_inline1761:7.57185pt::7.57185pt::11.89551pt.
[224


]
l2hSize :tex2html_wrap_inline1763:7.57185pt::7.57185pt::11.89551pt.
[225


]
l2hSize :tex2html_wrap_inline1765:7.57185pt::7.57185pt::10.96674pt.
[226


]
l2hSize :tex2html_wrap_inline1767:7.57185pt::7.57185pt::10.96674pt.
[227


]
l2hSize :tex2html_wrap_inline1769:7.57185pt::7.57185pt::10.96674pt.
[228


]
l2hSize :tex2html_wrap_inline1771:7.57185pt::7.57185pt::10.96674pt.
[229


]
l2hSize :tex2html_wrap_inline1773:7.60416pt::0.0pt::5.99211pt.
[230


]
l2hSize :tex2html_wrap_inline1775:8.10416pt::8.10416pt::56.5444pt.
[231


]
l2hSize :tex2html_wrap_inline1777:7.54332pt::0.0pt::62.3996pt.
[232


]
l2hSize :tex2html_wrap_inline1779:8.7125pt::8.7125pt::85.59245pt.
[233


]
l2hSize :tex2html_wrap_inline1781:8.7125pt::8.7125pt::78.78163pt.
[234


]
l2hSize :tex2html_wrap_inline1783:8.10416pt::8.10416pt::25.97838pt.
[235


]
l2hSize :tex2html_wrap_inline1785:8.7125pt::8.7125pt::47.67809pt.
[236


]
l2hSize :tex2html_wrap_inline1787:7.48248pt::0.0pt::9.10983pt.
[237


]
l2hSize :tex2html_wrap_inline1789:7.60416pt::0.0pt::5.11006pt.
[238


]
l2hSize :tex2html_wrap_inline1791:7.07185pt::0.0pt::6.81593pt.
[239


]
l2hSize :tex2html_wrap_inline1793:8.7125pt::8.7125pt::65.03397pt.
[240


]
l2hSize :eqnarraystar1278:41.79997pt::0.0pt::349.0pt.
[241


]
l2hSize :tex2html_wrap_inline1795:8.7125pt::8.7125pt::55.78418pt.
[242


]
l2hSize :tex2html_wrap_inline1797:8.7125pt::8.7125pt::48.97336pt.
[243


]
l2hSize :tex2html_wrap_inline1799:8.7125pt::8.7125pt::41.79247pt.
[244


]
l2hSize :tex2html_wrap_inline1801:8.7125pt::8.7125pt::48.97336pt.
[245


]
l2hSize :tex2html_wrap_inline1803:8.10416pt::8.10416pt::16.21216pt.
[246


]
l2hSize :tex2html_wrap_inline1805:7.60416pt::0.0pt::5.11006pt.
[247


]
l2hSize :tex2html_wrap_inline1807:7.07185pt::0.0pt::6.81593pt.
[248


]
l2hSize :tex2html_wrap_inline1809:8.10416pt::8.10416pt::54.71944pt.
[249


]
l2hSize :tex2html_wrap_inline1811:8.10416pt::8.10416pt::36.28708pt.
[250


]
l2hSize :tex2html_wrap_inline1813:8.10416pt::8.10416pt::36.28708pt.
[251


]
l2hSize :tex2html_wrap_inline1815:8.10416pt::8.10416pt::36.28708pt.
[252


]
l2hSize :tex2html_wrap_inline1817:7.48248pt::0.0pt::9.10983pt.
[253


]
l2hSize :tex2html_wrap_inline1819:8.7125pt::8.7125pt::22.32845pt.
[254


]
l2hSize :tex2html_wrap_inline1821:9.62923pt::9.62923pt::53.7968pt.
[255


]
l2hSize :eqnarraystar1294:16.3375pt::0.0pt::349.0pt.
[256


]
l2hSize :eqnarraystar1297:17.6625pt::0.0pt::349.0pt.
[257


]
l2hSize :tex2html_wrap_inline1823:8.7125pt::8.7125pt::43.30571pt.
[258


]
l2hSize :tex2html_wrap_inline1825:7.54332pt::0.0pt::61.74564pt.
[259


]
l2hSize :eqnarraystar1302:68.99995pt::0.0pt::349.0pt.
[260


]
l2hSize :tex2html_wrap_inline1827:7.48248pt::0.0pt::8.45587pt.
[261


]
l2hSize :tex2html_wrap_inline1829:9.96692pt::9.96692pt::86.51411pt.
[262


]
l2hSize :tex2html_wrap_inline1831:8.7125pt::8.7125pt::43.30571pt.
[263


]
l2hSize :tex2html_wrap_inline1833:9.52922pt::0.0pt::11.3858pt.
[264


]
l2hSize :tex2html_wrap_inline1835:10.02922pt::10.02922pt::77.45541pt.
[265


]
l2hSize :tex2html_wrap_inline1837:9.52922pt::0.0pt::15.67833pt.
[266


]
l2hSize :tex2html_wrap_inline1839:7.48248pt::0.0pt::9.40257pt.
[267


]
l2hSize :tex2html_wrap_inline1841:7.48248pt::0.0pt::8.45587pt.
[268


]
l2hSize :tex2html_wrap_inline1843:9.52922pt::0.0pt::11.9447pt.
[269


]
l2hSize :tex2html_wrap_inline1845:10.02922pt::10.02922pt::46.6198pt.
[270


]
l2hSize :tex2html_wrap_inline1847:8.7125pt::8.7125pt::22.32845pt.
[271


]
l2hSize :eqnarraystar1320:16.3375pt::0.0pt::349.0pt.
[272


]
l2hSize :tex2html_wrap_inline1849:8.10416pt::8.10416pt::25.90352pt.
[273


]
l2hSize :tex2html_wrap_inline1851:7.57185pt::7.57185pt::26.28377pt.
[274


]
l2hSize :tex2html_wrap_inline1853:9.12923pt::0.0pt::46.98985pt.
[275


]
l2hSize :tex2html_wrap_inline1855:7.57185pt::7.57185pt::34.80045pt.
[276


]
l2hSize :tex2html_wrap_inline1857:8.10416pt::8.10416pt::25.90352pt.
[277


]
l2hSize :tex2html_wrap_inline1859:7.57185pt::7.57185pt::26.28377pt.
[278


]
l2hSize :tex2html_wrap_inline1861:9.12923pt::0.0pt::46.98985pt.
[279


]
l2hSize :tex2html_wrap_inline1863:7.57185pt::7.57185pt::34.80045pt.
[280


]
l2hSize :tex2html_wrap_inline1865:7.48248pt::0.0pt::9.10983pt.
[281


]
l2hSize :tex2html_wrap_inline1867:8.7125pt::8.7125pt::22.32845pt.
[282


]
l2hSize :tex2html_wrap_inline1869:8.10416pt::8.10416pt::14.95363pt.
[283


]
l2hSize :tex2html_wrap_inline2932:8.10416pt::8.10416pt::56.5444pt.
[284


]
l2hSize :tex2html_wrap_inline2934:8.10416pt::8.10416pt::7.08714pt.
[285


]
l2hSize :tex2html_wrap_inline2936:7.54332pt::0.0pt::62.76208pt.
[286


]
l2hSize :tex2html_wrap_inline2938:8.10416pt::8.10416pt::56.5444pt.
[287


]
l2hSize :tex2html_wrap_inline2940:7.07185pt::0.0pt::7.1201pt.
[288


]
l2hSize :tex2html_wrap_inline2942:7.07185pt::0.0pt::6.02254pt.
[289


]
l2hSize :tex2html_wrap_inline2944:8.7125pt::8.7125pt::47.67958pt.
[290


]
l2hSize :tex2html_wrap_inline2946:7.54332pt::0.0pt::64.80785pt.
[291


]
l2hSize :tex2html_wrap_inline2948:8.80704pt::0.0pt::28.24316pt.
[292


]
Overfull \hbox (5.37088pt too wide) in paragraph at lines 2063--2063
[]            \OT1/cmtt/m/n/9 -${CLINKER} -o minsurf1 minsurf1.o ${TAO_LIB} ${P
ETSC_SNES_LIB}[] 
 []

l2hSize :figure2817:124.21909pt::0.0pt::349.0pt.
[293


]
Overfull \hbox (80.97pt too wide) in paragraph at lines 2090--2090
[]                 \OT1/cmtt/m/n/9 -${FLINKER} -o rosenbrock1f rosenbrock1f.o $
{TAO_FORTRAN_LIB} ${TAO_LIB} \[] 
 []

l2hSize :figure2870:135.21909pt::0.0pt::349.0pt.
[294


] (./images.aux) ) 
Here is how much of TeX's memory you used:
 4598 strings out of 493849
 66695 string characters out of 1152847
 128904 words of memory out of 3000000
 7794 multiletter control sequences out of 15000+50000
 11524 words of font info for 43 fonts, out of 3000000 for 9000
 714 hyphenation exceptions out of 8191
 38i,13n,24p,275b,331s stack positions out of 5000i,500n,10000p,200000b,50000s

Output written on images.dvi (294 pages, 91004 bytes).
