\BOOKMARK [0][]{chapter.1}{Introduction to TAO}{}
\BOOKMARK [1][]{section.1.1}{TAO Design Philosophy}{chapter.1}
\BOOKMARK [1][]{section.1.2}{Performance Results}{chapter.1}
\BOOKMARK [0][]{chapter.2}{Getting Started}{}
\BOOKMARK [1][]{section.2.1}{Writing Application Codes with TAO}{chapter.2}
\BOOKMARK [1][]{section.2.2}{A Simple TAO Example}{chapter.2}
\BOOKMARK [1][]{section.2.3}{Include Files}{chapter.2}
\BOOKMARK [1][]{section.2.4}{TAO Initialization}{chapter.2}
\BOOKMARK [1][]{section.2.5}{TAO Finalization}{chapter.2}
\BOOKMARK [1][]{section.2.6}{TAO Solvers}{chapter.2}
\BOOKMARK [1][]{section.2.7}{Function Evaluations}{chapter.2}
\BOOKMARK [1][]{section.2.8}{TAO Programming with PETSc}{chapter.2}
\BOOKMARK [1][]{section.2.9}{Compiling and Running TAO}{chapter.2}
\BOOKMARK [1][]{section.2.10}{Error Checking}{chapter.2}
\BOOKMARK [1][]{section.2.11}{Makefiles}{chapter.2}
\BOOKMARK [1][]{section.2.12}{Directory Structure}{chapter.2}
\BOOKMARK [0][]{chapter.3}{Basic Usage of TAO Solvers}{}
\BOOKMARK [1][]{section.3.1}{Initialize and Finalize}{chapter.3}
\BOOKMARK [1][]{section.3.2}{Creation and Destruction}{chapter.3}
\BOOKMARK [1][]{section.3.3}{Convergence}{chapter.3}
\BOOKMARK [1][]{section.3.4}{Viewing Solutions}{chapter.3}
\BOOKMARK [0][]{chapter.4}{TAO Solvers}{}
\BOOKMARK [1][]{section.4.1}{Unconstrained Minimization}{chapter.4}
\BOOKMARK [2][]{subsection.4.1.1}{Nelder-Mead}{section.4.1}
\BOOKMARK [2][]{subsection.4.1.2}{Limited-Memory, Variable-Metric Method}{section.4.1}
\BOOKMARK [2][]{subsection.4.1.3}{Nonlinear Conjugate Gradient Method}{section.4.1}
\BOOKMARK [2][]{subsection.4.1.4}{Newton Line-Search Method}{section.4.1}
\BOOKMARK [2][]{subsection.4.1.5}{Newton Trust-Region Method}{section.4.1}
\BOOKMARK [1][]{section.4.2}{Bound Constrained Optimization}{chapter.4}
\BOOKMARK [2][]{subsection.4.2.1}{Newton Trust Region}{section.4.2}
\BOOKMARK [2][]{subsection.4.2.2}{Gradient Projection\205Conjugate Gradient Method}{section.4.2}
\BOOKMARK [2][]{subsection.4.2.3}{Interior Point Newton Algorithm}{section.4.2}
\BOOKMARK [2][]{subsection.4.2.4}{Limited Memory Variable Metric Method}{section.4.2}
\BOOKMARK [2][]{subsection.4.2.5}{KT Method}{section.4.2}
\BOOKMARK [1][]{section.4.3}{Complementarity}{chapter.4}
\BOOKMARK [2][]{subsection.4.3.1}{Semismooth Methods}{section.4.3}
\BOOKMARK [0][]{chapter.5}{TAO Applications using PETSc}{}
\BOOKMARK [1][]{section.5.1}{Header File}{chapter.5}
\BOOKMARK [1][]{section.5.2}{Create and Destroy}{chapter.5}
\BOOKMARK [1][]{section.5.3}{Defining Variables}{chapter.5}
\BOOKMARK [1][]{section.5.4}{Application Context}{chapter.5}
\BOOKMARK [1][]{section.5.5}{Objective Function and Gradient Routines}{chapter.5}
\BOOKMARK [1][]{section.5.6}{Hessian Evaluation}{chapter.5}
\BOOKMARK [2][]{subsection.5.6.1}{Finite Differences}{section.5.6}
\BOOKMARK [2][]{subsection.5.6.2}{Matrix-Free methods}{section.5.6}
\BOOKMARK [1][]{section.5.7}{Bounds on Variables}{chapter.5}
\BOOKMARK [1][]{section.5.8}{Complementarity}{chapter.5}
\BOOKMARK [1][]{section.5.9}{Monitors}{chapter.5}
\BOOKMARK [1][]{section.5.10}{Linear Solvers}{chapter.5}
\BOOKMARK [1][]{section.5.11}{Application Solutions}{chapter.5}
\BOOKMARK [1][]{section.5.12}{Linear Algebra Abstractions}{chapter.5}
\BOOKMARK [1][]{section.5.13}{Compiling and Linking}{chapter.5}
\BOOKMARK [1][]{section.5.14}{TAO Applications using PETSc and FORTRAN}{chapter.5}
\BOOKMARK [2][]{subsection.5.14.1}{Include Files}{section.5.14}
\BOOKMARK [2][]{subsection.5.14.2}{Error Checking}{section.5.14}
\BOOKMARK [2][]{subsection.5.14.3}{Compiling and Linking Fortran Programs}{section.5.14}
\BOOKMARK [2][]{subsection.5.14.4}{Additional Issues}{section.5.14}
\BOOKMARK [0][]{chapter.6}{Advanced Options}{}
\BOOKMARK [1][]{section.6.1}{Convergence Tests}{chapter.6}
\BOOKMARK [1][]{section.6.2}{Line Searches}{chapter.6}
\BOOKMARK [0][]{chapter.7}{Adding a solver}{}
\BOOKMARK [1][]{section.7.1}{Adding a Solver to TAO}{chapter.7}
\BOOKMARK [1][]{section.7.2}{TAO Interface with Solvers}{chapter.7}
\BOOKMARK [2][]{subsection.7.2.1}{Solver Routine}{section.7.2}
\BOOKMARK [2][]{subsection.7.2.2}{Creation Routine}{section.7.2}
\BOOKMARK [2][]{subsection.7.2.3}{Destroy Routine}{section.7.2}
\BOOKMARK [2][]{subsection.7.2.4}{SetUp Routine}{section.7.2}
